<?xml version="1.0" encoding="UTF-8"?>
<!-- Generated by org.testng.reporters.JUnitReportReporter -->
<testsuite hostname="DESKTOP-PKJ3I6Q" failures="0" tests="3" name="priority.TestNGPriorityDemo" time="0.017" errors="0" timestamp="2020-04-14T12:42:01 IST" skipped="0">
  <testcase classname="priority.TestNGPriorityDemo" name="test2" time="0.013"/>
  <system-out/>
  <testcase classname="priority.TestNGPriorityDemo" name="test1" time="0.002"/>
  <system-out/>
  <testcase classname="priority.TestNGPriorityDemo" name="test3" time="0.002"/>
  <system-out/>
</testsuite> <!-- priority.TestNGPriorityDemo -->
