<?xml version="1.0" encoding="UTF-8"?>
<!-- Generated by org.testng.reporters.JUnitReportReporter -->
<testsuite hostname="DESKTOP-PKJ3I6Q" failures="0" tests="1" name="demo.TestNGParametersDemo" time="0.009" errors="0" timestamp="2020-04-14T17:16:11 IST" skipped="0">
  <testcase classname="demo.TestNGParametersDemo" name="test" time="0.009"/>
  <system-out/>
</testsuite> <!-- demo.TestNGParametersDemo -->
