<?xml version="1.0" encoding="UTF-8"?>
<!-- Generated by org.testng.reporters.JUnitReportReporter -->
<testsuite hostname="DESKTOP-PKJ3I6Q" failures="0" tests="4" name="demo.TestNGGropsDemo" time="0.015" errors="0" timestamp="2020-04-14T16:43:07 IST" skipped="0">
  <testcase classname="demo.TestNGGropsDemo" name="test4" time="0.002"/>
  <system-out/>
  <testcase classname="demo.TestNGGropsDemo" name="test2" time="0.002"/>
  <system-out/>
  <testcase classname="demo.TestNGGropsDemo" name="test1" time="0.009"/>
  <system-out/>
  <testcase classname="demo.TestNGGropsDemo" name="test3" time="0.002"/>
  <system-out/>
</testsuite> <!-- demo.TestNGGropsDemo -->
