<?xml version="1.0" encoding="UTF-8"?>
<!-- Generated by org.testng.reporters.JUnitReportReporter -->
<testsuite hostname="DESKTOP-PKJ3I6Q" failures="0" tests="3" name="demo.TestNGDependencyDemo" time="0.035" errors="0" timestamp="2020-04-14T17:08:52 IST" skipped="0">
  <testcase classname="demo.TestNGDependencyDemo" name="test1" time="0.002"/>
  <system-out/>
  <testcase classname="demo.TestNGDependencyDemo" name="test2" time="0.032"/>
  <system-out/>
  <testcase classname="demo.TestNGDependencyDemo" name="test3" time="0.001"/>
  <system-out/>
</testsuite> <!-- demo.TestNGDependencyDemo -->
