<?xml version="1.0" encoding="UTF-8"?>
<!-- Generated by org.testng.reporters.JUnitReportReporter -->
<testsuite hostname="DESKTOP-PKJ3I6Q" failures="0" tests="2" name="test.ExtentReportDemoWithTestNG" time="14.382" errors="0" timestamp="2020-03-28T16:39:51 IST" skipped="0">
  <testcase classname="test.ExtentReportDemoWithTestNG" name="test2" time="0.004"/>
  <system-out/>
  <testcase classname="test.ExtentReportDemoWithTestNG" name="test1" time="14.378"/>
  <system-out/>
</testsuite> <!-- test.ExtentReportDemoWithTestNG -->
