<?xml version="1.0" encoding="UTF-8"?>
<!-- Generated by org.testng.reporters.JUnitReportReporter -->
<testsuite hostname="DESKTOP-PKJ3I6Q" failures="0" tests="3" name="listeners.TestNGListenerDemo2" time="0.016" errors="0" timestamp="2020-04-10T19:24:17 IST" skipped="0">
  <testcase classname="listeners.TestNGListenerDemo2" name="test5" time="0.004"/>
  <system-out/>
  <testcase classname="listeners.TestNGListenerDemo2" name="test6" time="0.009"/>
  <system-out/>
  <testcase classname="listeners.TestNGListenerDemo2" name="test4" time="0.003"/>
  <system-out/>
</testsuite> <!-- listeners.TestNGListenerDemo2 -->
